1568713261993	mozrunner::runner	INFO	Running command: "/Applications/Firefox.app/Contents/MacOS/firefox-bin" "-marionette" "-foreground" "-no-remote" "-profile" "/var/folders/b7/p_1tq_pj3bvfkk47tbcfspy80000gn/T/rust_mozprofile.Sk21vmLZizZR"
1568713262857	addons.webextension.screenshots@mozilla.org	WARN	Loading extension 'screenshots@mozilla.org': Reading manifest: Invalid extension permission: mozillaAddons
1568713262857	addons.webextension.screenshots@mozilla.org	WARN	Loading extension 'screenshots@mozilla.org': Reading manifest: Invalid extension permission: telemetry
1568713262857	addons.webextension.screenshots@mozilla.org	WARN	Loading extension 'screenshots@mozilla.org': Reading manifest: Invalid extension permission: resource://pdf.js/
1568713262857	addons.webextension.screenshots@mozilla.org	WARN	Loading extension 'screenshots@mozilla.org': Reading manifest: Invalid extension permission: about:reader*
1568713265722	Marionette	INFO	Listening on port 63207
1568713265757	Marionette	WARN	TLS certificate errors will be ignored for this session
1568727656572	mozrunner::runner	INFO	Running command: "/Applications/Firefox.app/Contents/MacOS/firefox-bin" "-marionette" "-foreground" "-no-remote" "-profile" "/var/folders/b7/p_1tq_pj3bvfkk47tbcfspy80000gn/T/rust_mozprofile.hirTdhEGqxa2"
1568727657416	addons.webextension.screenshots@mozilla.org	WARN	Loading extension 'screenshots@mozilla.org': Reading manifest: Invalid extension permission: mozillaAddons
1568727657416	addons.webextension.screenshots@mozilla.org	WARN	Loading extension 'screenshots@mozilla.org': Reading manifest: Invalid extension permission: telemetry
1568727657416	addons.webextension.screenshots@mozilla.org	WARN	Loading extension 'screenshots@mozilla.org': Reading manifest: Invalid extension permission: resource://pdf.js/
1568727657416	addons.webextension.screenshots@mozilla.org	WARN	Loading extension 'screenshots@mozilla.org': Reading manifest: Invalid extension permission: about:reader*
1568727659544	Marionette	INFO	Listening on port 50757
1568727659566	Marionette	WARN	TLS certificate errors will be ignored for this session
JavaScript warning: https://open.scdn.co/static/vendor.13f0f16d.js, line 0: Successfully compiled asm.js code (total compilation time 1ms)
JavaScript warning: https://open.scdn.co/static/vendor.13f0f16d.js, line 0: Successfully compiled asm.js code (total compilation time 0ms)
1568727732327	mozrunner::runner	INFO	Running command: "/Applications/Firefox.app/Contents/MacOS/firefox-bin" "-marionette" "-foreground" "-no-remote" "-profile" "/var/folders/b7/p_1tq_pj3bvfkk47tbcfspy80000gn/T/rust_mozprofile.bb8GmwVC1vg0"
1568727733067	addons.webextension.screenshots@mozilla.org	WARN	Loading extension 'screenshots@mozilla.org': Reading manifest: Invalid extension permission: mozillaAddons
1568727733067	addons.webextension.screenshots@mozilla.org	WARN	Loading extension 'screenshots@mozilla.org': Reading manifest: Invalid extension permission: telemetry
1568727733067	addons.webextension.screenshots@mozilla.org	WARN	Loading extension 'screenshots@mozilla.org': Reading manifest: Invalid extension permission: resource://pdf.js/
1568727733067	addons.webextension.screenshots@mozilla.org	WARN	Loading extension 'screenshots@mozilla.org': Reading manifest: Invalid extension permission: about:reader*
1568727735351	Marionette	INFO	Listening on port 50892
1568727735459	Marionette	WARN	TLS certificate errors will be ignored for this session
JavaScript warning: https://open.scdn.co/static/vendor.13f0f16d.js, line 0: Successfully compiled asm.js code (total compilation time 2ms)
JavaScript warning: https://open.scdn.co/static/vendor.13f0f16d.js, line 0: Successfully compiled asm.js code (total compilation time 1ms)
JavaScript error: , line 0: uncaught exception: Object
1568727799473	mozrunner::runner	INFO	Running command: "/Applications/Firefox.app/Contents/MacOS/firefox-bin" "-marionette" "-foreground" "-no-remote" "-profile" "/var/folders/b7/p_1tq_pj3bvfkk47tbcfspy80000gn/T/rust_mozprofile.rXD4Ajo8jfzt"
1568727800159	addons.webextension.screenshots@mozilla.org	WARN	Loading extension 'screenshots@mozilla.org': Reading manifest: Invalid extension permission: mozillaAddons
1568727800159	addons.webextension.screenshots@mozilla.org	WARN	Loading extension 'screenshots@mozilla.org': Reading manifest: Invalid extension permission: telemetry
1568727800159	addons.webextension.screenshots@mozilla.org	WARN	Loading extension 'screenshots@mozilla.org': Reading manifest: Invalid extension permission: resource://pdf.js/
1568727800159	addons.webextension.screenshots@mozilla.org	WARN	Loading extension 'screenshots@mozilla.org': Reading manifest: Invalid extension permission: about:reader*
1568727802237	Marionette	INFO	Listening on port 51058
1568727802287	Marionette	WARN	TLS certificate errors will be ignored for this session
1568727812484	Marionette	INFO	Stopped listening on port 63207
1568727817414	Marionette	INFO	Stopped listening on port 50757
1568727820915	Marionette	INFO	Stopped listening on port 51058
1568727822699	Marionette	INFO	Stopped listening on port 50892
1568728063861	mozrunner::runner	INFO	Running command: "/Applications/Firefox.app/Contents/MacOS/firefox-bin" "-marionette" "-foreground" "-no-remote" "-profile" "/var/folders/b7/p_1tq_pj3bvfkk47tbcfspy80000gn/T/rust_mozprofile.GktaV7hFcbkV"
1568728064387	addons.webextension.screenshots@mozilla.org	WARN	Loading extension 'screenshots@mozilla.org': Reading manifest: Invalid extension permission: mozillaAddons
1568728064387	addons.webextension.screenshots@mozilla.org	WARN	Loading extension 'screenshots@mozilla.org': Reading manifest: Invalid extension permission: telemetry
1568728064387	addons.webextension.screenshots@mozilla.org	WARN	Loading extension 'screenshots@mozilla.org': Reading manifest: Invalid extension permission: resource://pdf.js/
1568728064388	addons.webextension.screenshots@mozilla.org	WARN	Loading extension 'screenshots@mozilla.org': Reading manifest: Invalid extension permission: about:reader*
1568728066038	Marionette	INFO	Listening on port 51246
1568728066130	Marionette	WARN	TLS certificate errors will be ignored for this session
JavaScript warning: https://open.scdn.co/static/vendor.13f0f16d.js, line 0: Successfully compiled asm.js code (total compilation time 1ms)
JavaScript warning: https://open.scdn.co/static/vendor.13f0f16d.js, line 0: Successfully compiled asm.js code (total compilation time 1ms)
JavaScript error: , line 0: uncaught exception: Object
console.warn: LoginRecipes: "getRecipes: falling back to a synchronous message for:" "https://accounts.spotify.com"
console.warn: nsLoginManager: "searchLogins: `formActionOrigin` or `httpRealm` is recommended"
console.warn: LoginRecipes: "getRecipes: falling back to a synchronous message for:" "https://accounts.spotify.com"
console.warn: nsLoginManager: "searchLogins: `formActionOrigin` or `httpRealm` is recommended"
console.warn: LoginRecipes: "getRecipes: falling back to a synchronous message for:" "https://accounts.spotify.com"
console.warn: nsLoginManager: "searchLogins: `formActionOrigin` or `httpRealm` is recommended"
console.warn: LoginRecipes: "getRecipes: falling back to a synchronous message for:" "https://accounts.spotify.com"
console.warn: nsLoginManager: "searchLogins: `formActionOrigin` or `httpRealm` is recommended"
[Parent 10329, Gecko_IOThread] WARNING: pipe error: Broken pipe: file /builds/worker/workspace/build/src/ipc/chromium/src/chrome/common/ipc_channel_posix.cc, line 728
1568729218988	Marionette	INFO	Stopped listening on port 51246
1568729327807	mozrunner::runner	INFO	Running command: "/Applications/Firefox.app/Contents/MacOS/firefox-bin" "-marionette" "-foreground" "-no-remote" "-profile" "/var/folders/b7/p_1tq_pj3bvfkk47tbcfspy80000gn/T/rust_mozprofile.ip9NFlbePGNK"
1568729328495	addons.webextension.screenshots@mozilla.org	WARN	Loading extension 'screenshots@mozilla.org': Reading manifest: Invalid extension permission: mozillaAddons
1568729328495	addons.webextension.screenshots@mozilla.org	WARN	Loading extension 'screenshots@mozilla.org': Reading manifest: Invalid extension permission: telemetry
1568729328496	addons.webextension.screenshots@mozilla.org	WARN	Loading extension 'screenshots@mozilla.org': Reading manifest: Invalid extension permission: resource://pdf.js/
1568729328496	addons.webextension.screenshots@mozilla.org	WARN	Loading extension 'screenshots@mozilla.org': Reading manifest: Invalid extension permission: about:reader*
1568729330784	Marionette	INFO	Listening on port 51923
1568729330820	Marionette	WARN	TLS certificate errors will be ignored for this session
1568730451351	Marionette	INFO	Stopped listening on port 51923
1568732184900	mozrunner::runner	INFO	Running command: "/Applications/Firefox.app/Contents/MacOS/firefox-bin" "-marionette" "-foreground" "-no-remote" "-profile" "/var/folders/b7/p_1tq_pj3bvfkk47tbcfspy80000gn/T/rust_mozprofile.DJBCeRR2C3ZI"
1568732185700	addons.webextension.screenshots@mozilla.org	WARN	Loading extension 'screenshots@mozilla.org': Reading manifest: Invalid extension permission: mozillaAddons
1568732185700	addons.webextension.screenshots@mozilla.org	WARN	Loading extension 'screenshots@mozilla.org': Reading manifest: Invalid extension permission: telemetry
1568732185701	addons.webextension.screenshots@mozilla.org	WARN	Loading extension 'screenshots@mozilla.org': Reading manifest: Invalid extension permission: resource://pdf.js/
1568732185701	addons.webextension.screenshots@mozilla.org	WARN	Loading extension 'screenshots@mozilla.org': Reading manifest: Invalid extension permission: about:reader*
1568732188404	Marionette	INFO	Listening on port 53043
1568732188470	Marionette	WARN	TLS certificate errors will be ignored for this session
console.warn: LoginRecipes: "getRecipes: falling back to a synchronous message for:" "https://accounts.spotify.com"
console.warn: nsLoginManager: "searchLogins: `formActionOrigin` or `httpRealm` is recommended"
console.warn: LoginRecipes: "getRecipes: falling back to a synchronous message for:" "https://accounts.spotify.com"
console.warn: nsLoginManager: "searchLogins: `formActionOrigin` or `httpRealm` is recommended"
1568732313390	mozrunner::runner	INFO	Running command: "/Applications/Firefox.app/Contents/MacOS/firefox-bin" "-marionette" "-foreground" "-no-remote" "-profile" "/var/folders/b7/p_1tq_pj3bvfkk47tbcfspy80000gn/T/rust_mozprofile.uJ1cJ1ahSLxd"
1568732313964	addons.webextension.screenshots@mozilla.org	WARN	Loading extension 'screenshots@mozilla.org': Reading manifest: Invalid extension permission: mozillaAddons
1568732313964	addons.webextension.screenshots@mozilla.org	WARN	Loading extension 'screenshots@mozilla.org': Reading manifest: Invalid extension permission: telemetry
1568732313964	addons.webextension.screenshots@mozilla.org	WARN	Loading extension 'screenshots@mozilla.org': Reading manifest: Invalid extension permission: resource://pdf.js/
1568732313964	addons.webextension.screenshots@mozilla.org	WARN	Loading extension 'screenshots@mozilla.org': Reading manifest: Invalid extension permission: about:reader*
1568732316107	Marionette	INFO	Listening on port 53176
1568732316182	Marionette	WARN	TLS certificate errors will be ignored for this session
console.warn: LoginRecipes: "getRecipes: falling back to a synchronous message for:" "https://accounts.spotify.com"
console.warn: nsLoginManager: "searchLogins: `formActionOrigin` or `httpRealm` is recommended"
1568732348682	Marionette	INFO	Stopped listening on port 53176
1568732349775	Marionette	INFO	Stopped listening on port 53043
1568732354070	mozrunner::runner	INFO	Running command: "/Applications/Firefox.app/Contents/MacOS/firefox-bin" "-marionette" "-foreground" "-no-remote" "-profile" "/var/folders/b7/p_1tq_pj3bvfkk47tbcfspy80000gn/T/rust_mozprofile.207tZyFspffi"
1568732354646	addons.webextension.screenshots@mozilla.org	WARN	Loading extension 'screenshots@mozilla.org': Reading manifest: Invalid extension permission: mozillaAddons
1568732354646	addons.webextension.screenshots@mozilla.org	WARN	Loading extension 'screenshots@mozilla.org': Reading manifest: Invalid extension permission: telemetry
1568732354646	addons.webextension.screenshots@mozilla.org	WARN	Loading extension 'screenshots@mozilla.org': Reading manifest: Invalid extension permission: resource://pdf.js/
1568732354646	addons.webextension.screenshots@mozilla.org	WARN	Loading extension 'screenshots@mozilla.org': Reading manifest: Invalid extension permission: about:reader*
1568732356638	Marionette	INFO	Listening on port 53258
1568732356739	Marionette	WARN	TLS certificate errors will be ignored for this session
JavaScript warning: https://open.scdn.co/static/vendor.13f0f16d.js, line 0: Successfully compiled asm.js code (total compilation time 1ms)
JavaScript warning: https://open.scdn.co/static/vendor.13f0f16d.js, line 0: Successfully compiled asm.js code (total compilation time 0ms)

###!!! [Child][RunMessage] Error: Channel closing: too late to send/recv, messages will be lost

console.error: (new Error("Connection closed before committing the transaction.", "resource://gre/modules/Sqlite.jsm", 683))
1568732463676	Marionette	INFO	Stopped listening on port 53258
